<?xml version="1.0" encoding="UTF-8"?>
<!-- Generated by org.testng.reporters.JUnitReportReporter -->
<testsuite skipped="0" hostname="Santosh-PC" name="TestCases.TC3_twitLoginChrome" tests="2" failures="0" timestamp="2019-09-18T22:56:23 IST" time="5.877" errors="0">
  <testcase name="twitterLogin" time="3.731" classname="TestCases.TC3_twitLoginChrome"/>
  <testcase name="navigateToProfile" time="2.146" classname="TestCases.TC3_twitLoginChrome"/>
</testsuite> <!-- TestCases.TC3_twitLoginChrome -->
