<?xml version="1.0" encoding="UTF-8"?>
<!-- Generated by org.testng.reporters.JUnitReportReporter -->
<testsuite skipped="0" hostname="Santosh-PC" name="TestCases.TC1_phpTravelLoginChrome" tests="4" failures="0" timestamp="2019-09-15T01:16:29 IST" time="25.025" errors="0">
  <testcase name="navigateToPhpTravelLoginPage" time="4.729" classname="TestCases.TC1_phpTravelLoginChrome"/>
  <testcase name="navigateToPhpTravelLoginPage" time="2.229" classname="TestCases.TC1_phpTravelLoginChrome"/>
  <testcase name="loginToPhpTravelsite" time="8.028" classname="TestCases.TC1_phpTravelLoginChrome"/>
  <testcase name="loginToPhpTravelsite" time="10.039" classname="TestCases.TC1_phpTravelLoginChrome"/>
</testsuite> <!-- TestCases.TC1_phpTravelLoginChrome -->
