<?xml version="1.0" encoding="UTF-8"?>
<!-- Generated by org.testng.reporters.JUnitReportReporter -->
<testsuite skipped="0" hostname="Santosh-PC" name="TestCases.TC3_twitLoginChrome" tests="8" failures="0" timestamp="2019-09-18T10:52:30 IST" time="30.051" errors="0">
  <testcase name="twitterLogin" time="3.520" classname="TestCases.TC3_twitLoginChrome"/>
  <testcase name="twitterLogin" time="7.203" classname="TestCases.TC3_twitLoginChrome"/>
  <testcase name="twitterLogin" time="4.521" classname="TestCases.TC3_twitLoginChrome"/>
  <testcase name="twitterLogin" time="3.388" classname="TestCases.TC3_twitLoginChrome"/>
  <testcase name="navigateToProfile" time="2.121" classname="TestCases.TC3_twitLoginChrome"/>
  <testcase name="navigateToProfile" time="1.934" classname="TestCases.TC3_twitLoginChrome"/>
  <testcase name="navigateToProfile" time="4.637" classname="TestCases.TC3_twitLoginChrome"/>
  <testcase name="navigateToProfile" time="2.727" classname="TestCases.TC3_twitLoginChrome"/>
</testsuite> <!-- TestCases.TC3_twitLoginChrome -->
