<?xml version="1.0" encoding="UTF-8"?>
<!-- Generated by org.testng.reporters.JUnitReportReporter -->
<testsuite skipped="0" hostname="Santosh-PC" name="TestCases.TC3_twitLoginChrome" tests="2" failures="0" timestamp="2019-09-16T00:45:51 IST" time="6.883" errors="0">
  <testcase name="twitterLogin" time="3.128" classname="TestCases.TC3_twitLoginChrome"/>
  <testcase name="navigateToProfile" time="3.755" classname="TestCases.TC3_twitLoginChrome"/>
</testsuite> <!-- TestCases.TC3_twitLoginChrome -->
