<?xml version="1.0" encoding="UTF-8"?>
<!-- Generated by org.testng.reporters.JUnitReportReporter -->
<testsuite skipped="0" hostname="Santosh-PC" name="TestCases.TC3_twitLoginChrome" tests="2" failures="0" timestamp="2019-09-22T01:21:43 IST" time="5.542" errors="0">
  <testcase name="twitterLogin_Chrome" time="4.021" classname="TestCases.TC3_twitLoginChrome"/>
  <testcase name="navigateToProfile_Chrome" time="1.521" classname="TestCases.TC3_twitLoginChrome"/>
</testsuite> <!-- TestCases.TC3_twitLoginChrome -->
