<?xml version="1.0" encoding="UTF-8"?>
<!-- Generated by org.testng.reporters.JUnitReportReporter -->
<testsuite skipped="0" hostname="Santosh-PC" name="TestCases.TC3_twitLoginChrome" tests="2" failures="0" timestamp="2019-09-29T22:36:24 IST" time="6.241" errors="0">
  <testcase name="twitterLogin_Chrome" time="5.434" classname="TestCases.TC3_twitLoginChrome"/>
  <testcase name="navigateToProfile_Chrome" time="0.807" classname="TestCases.TC3_twitLoginChrome"/>
</testsuite> <!-- TestCases.TC3_twitLoginChrome -->
