<?xml version="1.0" encoding="UTF-8"?>
<!-- Generated by org.testng.reporters.JUnitReportReporter -->
<testsuite skipped="0" hostname="Santosh-PC" name="TestCases.TC3_twitLoginChrome" tests="4" failures="0" timestamp="2019-10-02T09:21:29 IST" time="12.131" errors="0">
  <testcase name="twitterLogin_Chrome" time="4.725" classname="TestCases.TC3_twitLoginChrome"/>
  <testcase name="twitterLogin_Chrome" time="6.031" classname="TestCases.TC3_twitLoginChrome"/>
  <testcase name="navigateToProfile_Chrome" time="0.699" classname="TestCases.TC3_twitLoginChrome"/>
  <testcase name="navigateToProfile_Chrome" time="0.676" classname="TestCases.TC3_twitLoginChrome"/>
</testsuite> <!-- TestCases.TC3_twitLoginChrome -->
