<?xml version="1.0" encoding="UTF-8"?>
<!-- Generated by org.testng.reporters.JUnitReportReporter -->
<testsuite skipped="0" hostname="Santosh-PC" name="TestCases.TC3_twitLoginChrome" tests="2" failures="0" timestamp="2019-09-21T23:48:41 IST" time="5.568" errors="0">
  <testcase name="twitterLogin_Chrome" time="3.592" classname="TestCases.TC3_twitLoginChrome"/>
  <testcase name="navigateToProfile_Chrome" time="1.976" classname="TestCases.TC3_twitLoginChrome"/>
</testsuite> <!-- TestCases.TC3_twitLoginChrome -->
