<?xml version="1.0" encoding="UTF-8"?>
<!-- Generated by org.testng.reporters.JUnitReportReporter -->
<testsuite skipped="0" hostname="Santosh-PC" name="TestCases.TC3_twitLoginChrome" tests="2" failures="0" timestamp="2019-09-30T00:05:48 IST" time="6.710" errors="0">
  <testcase name="twitterLogin_Chrome" time="6.050" classname="TestCases.TC3_twitLoginChrome"/>
  <testcase name="navigateToProfile_Chrome" time="0.660" classname="TestCases.TC3_twitLoginChrome"/>
</testsuite> <!-- TestCases.TC3_twitLoginChrome -->
