<?xml version="1.0" encoding="UTF-8"?>
<!-- Generated by org.testng.reporters.JUnitReportReporter -->
<testsuite skipped="0" hostname="Santosh-PC" name="TestCases.TC3_twitLoginChrome" tests="2" failures="0" timestamp="2019-09-21T18:02:07 IST" time="5.076" errors="0">
  <testcase name="twitterLogin" time="3.728" classname="TestCases.TC3_twitLoginChrome"/>
  <testcase name="navigateToProfile" time="1.348" classname="TestCases.TC3_twitLoginChrome"/>
</testsuite> <!-- TestCases.TC3_twitLoginChrome -->
