<?xml version="1.0" encoding="UTF-8"?>
<!-- Generated by org.testng.reporters.JUnitReportReporter -->
<testsuite skipped="0" hostname="Santosh-PC" name="reportsTests.reportsStudy" tests="1" failures="0" timestamp="2019-09-14T23:59:11 IST" time="3.645" errors="0">
  <testcase name="navigateToGooglePage" time="3.645" classname="reportsTests.reportsStudy"/>
</testsuite> <!-- reportsTests.reportsStudy -->
